<?xml version="1.0" encoding="UTF-8"?>
<!-- Generated by org.testng.reporters.JUnitXMLReporter -->
<testsuite ignored="0" hostname="ON34C03276851" failures="1" tests="2" name="Error Validations Test" time="53.202" errors="0" timestamp="2024-04-08T06:24:47 EDT">
  <testcase classname="seleniumCompany.tests.ErrorValidations" name="ProductErrorValidation" time="26.431"/>
  <testcase classname="seleniumCompany.tests.ErrorValidations" name="loginErrorValidation" time="1.266">
    <failure type="java.lang.AssertionError" message="expected [Incorrect email or password.] but found [Incorrect email r password.]">
      <![CDATA[java.lang.AssertionError: expected [Incorrect email or password.] but found [Incorrect email r password.]
at seleniumCompany.tests.ErrorValidations.loginErrorValidation(ErrorValidations.java:23)
at java.base/java.util.ArrayList.forEach(ArrayList.java:1511)
at java.base/java.util.concurrent.FutureTask.run(FutureTask.java:264)
at java.base/java.util.concurrent.ThreadPoolExecutor.runWorker(ThreadPoolExecutor.java:1136)
at java.base/java.util.concurrent.ThreadPoolExecutor$Worker.run(ThreadPoolExecutor.java:635)
at java.base/java.lang.Thread.run(Thread.java:840)
... Removed 24 stack frames]]>
    </failure>
  </testcase> <!-- loginErrorValidation -->
</testsuite> <!-- Error Validations Test -->
