<?xml version="1.0" encoding="UTF-8"?>
<testng-results ignored="0" total="2" passed="1" failed="1" skipped="0">
  <reporter-output>
  </reporter-output>
  <suite started-at="2024-04-08T06:23:54 EDT" name="Suite" finished-at="2024-04-08T06:24:47 EDT" duration-ms="53202">
    <groups>
      <group name="ErrorHandling">
        <method signature="ErrorValidations.loginErrorValidation()[pri:0, instance:seleniumCompany.tests.ErrorValidations@40db2a24]" name="loginErrorValidation" class="seleniumCompany.tests.ErrorValidations"/>
      </group> <!-- ErrorHandling -->
      <group name="purchaseOrder">
        <method signature="standAloneTest.submitOrder(java.util.HashMap)[pri:0, instance:seleniumCompany.tests.standAloneTest@2fd953a6]" name="submitOrder" class="seleniumCompany.tests.standAloneTest"/>
        <method signature="standAloneTest.orderHistoryTest(java.util.HashMap)[pri:0, instance:seleniumCompany.tests.standAloneTest@2fd953a6]" name="orderHistoryTest" class="seleniumCompany.tests.standAloneTest"/>
      </group> <!-- purchaseOrder -->
    </groups>
    <test started-at="2024-04-08T06:23:54 EDT" name="Error Validations Test" finished-at="2024-04-08T06:24:47 EDT" duration-ms="53202">
      <class name="seleniumCompany.tests.ErrorValidations">
        <test-method is-config="true" signature="launchApplication()[pri:0, instance:seleniumCompany.tests.ErrorValidations@40db2a24]" started-at="2024-04-08T06:23:54 EDT" name="launchApplication" finished-at="2024-04-08T06:24:04 EDT" duration-ms="9833" status="PASS">
          <reporter-output>
          </reporter-output>
        </test-method> <!-- launchApplication -->
        <test-method signature="ProductErrorValidation()[pri:0, instance:seleniumCompany.tests.ErrorValidations@40db2a24]" started-at="2024-04-08T06:24:04 EDT" name="ProductErrorValidation" finished-at="2024-04-08T06:24:30 EDT" duration-ms="26431" status="PASS">
          <reporter-output>
          </reporter-output>
        </test-method> <!-- ProductErrorValidation -->
        <test-method is-config="true" signature="tearDown()[pri:0, instance:seleniumCompany.tests.ErrorValidations@40db2a24]" started-at="2024-04-08T06:24:30 EDT" name="tearDown" finished-at="2024-04-08T06:24:37 EDT" duration-ms="6556" status="PASS">
          <reporter-output>
          </reporter-output>
        </test-method> <!-- tearDown -->
        <test-method is-config="true" signature="launchApplication()[pri:0, instance:seleniumCompany.tests.ErrorValidations@40db2a24]" started-at="2024-04-08T06:24:37 EDT" name="launchApplication" finished-at="2024-04-08T06:24:45 EDT" duration-ms="8415" status="PASS">
          <reporter-output>
          </reporter-output>
        </test-method> <!-- launchApplication -->
        <test-method signature="loginErrorValidation()[pri:0, instance:seleniumCompany.tests.ErrorValidations@40db2a24]" started-at="2024-04-08T06:24:45 EDT" name="loginErrorValidation" finished-at="2024-04-08T06:24:46 EDT" duration-ms="1266" status="FAIL">
          <exception class="java.lang.AssertionError">
            <message>
              <![CDATA[expected [Incorrect email or password.] but found [Incorrect email r password.]]]>
            </message>
            <full-stacktrace>
              <![CDATA[java.lang.AssertionError: expected [Incorrect email or password.] but found [Incorrect email r password.]
at org.testng.Assert.fail(Assert.java:99)
at org.testng.Assert.failNotEquals(Assert.java:1037)
at org.testng.Assert.assertEqualsImpl(Assert.java:140)
at org.testng.Assert.assertEquals(Assert.java:122)
at org.testng.Assert.assertEquals(Assert.java:629)
at org.testng.Assert.assertEquals(Assert.java:639)
at seleniumCompany.tests.ErrorValidations.loginErrorValidation(ErrorValidations.java:23)
at java.base/jdk.internal.reflect.NativeMethodAccessorImpl.invoke0(Native Method)
at java.base/jdk.internal.reflect.NativeMethodAccessorImpl.invoke(NativeMethodAccessorImpl.java:77)
at java.base/jdk.internal.reflect.DelegatingMethodAccessorImpl.invoke(DelegatingMethodAccessorImpl.java:43)
at java.base/java.lang.reflect.Method.invoke(Method.java:568)
at org.testng.internal.MethodInvocationHelper.invokeMethod(MethodInvocationHelper.java:133)
at org.testng.internal.TestInvoker.invokeMethod(TestInvoker.java:598)
at org.testng.internal.TestInvoker.invokeTestMethod(TestInvoker.java:173)
at org.testng.internal.MethodRunner.runInSequence(MethodRunner.java:46)
at org.testng.internal.TestInvoker$MethodInvocationAgent.invoke(TestInvoker.java:824)
at org.testng.internal.TestInvoker.invokeTestMethods(TestInvoker.java:146)
at org.testng.internal.TestMethodWorker.invokeTestMethods(TestMethodWorker.java:146)
at org.testng.internal.TestMethodWorker.run(TestMethodWorker.java:128)
at java.base/java.util.ArrayList.forEach(ArrayList.java:1511)
at org.testng.TestRunner.privateRun(TestRunner.java:794)
at org.testng.TestRunner.run(TestRunner.java:596)
at org.testng.SuiteRunner.runTest(SuiteRunner.java:377)
at org.testng.SuiteRunner.access$000(SuiteRunner.java:28)
at org.testng.SuiteRunner$SuiteWorker.run(SuiteRunner.java:418)
at org.testng.internal.thread.ThreadUtil.lambda$execute$0(ThreadUtil.java:64)
at java.base/java.util.concurrent.FutureTask.run(FutureTask.java:264)
at java.base/java.util.concurrent.ThreadPoolExecutor.runWorker(ThreadPoolExecutor.java:1136)
at java.base/java.util.concurrent.ThreadPoolExecutor$Worker.run(ThreadPoolExecutor.java:635)
at java.base/java.lang.Thread.run(Thread.java:840)
]]>
            </full-stacktrace>
          </exception> <!-- java.lang.AssertionError -->
          <reporter-output>
          </reporter-output>
        </test-method> <!-- loginErrorValidation -->
        <test-method is-config="true" signature="tearDown()[pri:0, instance:seleniumCompany.tests.ErrorValidations@40db2a24]" started-at="2024-04-08T06:24:47 EDT" name="tearDown" finished-at="2024-04-08T06:24:47 EDT" duration-ms="165" status="PASS">
          <reporter-output>
          </reporter-output>
        </test-method> <!-- tearDown -->
      </class> <!-- seleniumCompany.tests.ErrorValidations -->
    </test> <!-- Error Validations Test -->
  </suite> <!-- Suite -->
</testng-results>
